Arguments: 
  C:\Program Files\nodejs\node.exe C:\Program Files (x86)\Yarn\bin\yarn.js install

PATH: 
  C:\ProgramData\DockerDesktop\version-bin;C:\Program Files\Docker\Docker\Resources\bin;C:\Program Files (x86)\Common Files\Oracle\Java\javapath;C:\Windows\system32;C:\Windows;C:\Windows\System32\Wbem;C:\Windows\System32\WindowsPowerShell\v1.0\;C:\Windows\System32\OpenSSH\;C:\Program Files (x86)\NVIDIA Corporation\PhysX\Common;C:\Program Files\Git\cmd;C:\Program Files\Git\mingw64\bin;C:\Program Files\Git\usr\bin;C:\Program Files\nodejs\;C:\ProgramData\chocolatey\bin;C:\Program Files (x86)\Yarn\bin\;C:\Program Files\Java\jdk1.8.0_241\bin;C:\Program Files (x86)\sox-14-4-1;C:\Users\AndyTa\AppData\Local\Proto;C:\Users\AndyTa\AppData\Local\gradle\bin;C:\Users\AndyTa\AppData\Local\Programs\Python\Python38\Scripts\;C:\Users\AndyTa\AppData\Local\Programs\Python\Python38\;C:\Users\AndyTa\AppData\Local\Microsoft\WindowsApps;C:\Users\AndyTa\AppData\Roaming\npm;C:\Users\AndyTa\AppData\Local\Yarn\bin

Yarn version: 
  1.21.1

Node version: 
  12.13.1

Platform: 
  win32 x64

Trace: 
  Error: getaddrinfo ENOTFOUND registry.yarnpkg.com
      at GetAddrInfoReqWrap.onlookup [as oncomplete] (dns.js:60:26)

npm manifest: 
  {
    "name": "server",
    "version": "0.0.0",
    "private": true,
    "scripts": {
      "start": "node ./bin/www"
    },
    "dependencies": {
      "cookie-parser": "~1.4.4",
      "debug": "~2.6.9",
      "ejs": "~2.6.1",
      "express": "~4.16.1",
      "http-errors": "~1.6.3",
      "morgan": "~1.9.1"
    }
  }

yarn manifest: 
  No manifest

Lockfile: 
  No lockfile
